find: ‘/lost+found’: Permission denied
find: ‘/root’: Permission denied
/usr/sbin
/usr/local/sbin
find: ‘/usr/share/doc/google-chrome-stable’: Permission denied
/sbin
find: ‘/proc/tty/driver’: Permission denied
find: ‘/proc/1/task/1/fd’: Permission denied
find: ‘/proc/1/task/1/fdinfo’: Permission denied
find: ‘/proc/1/task/1/ns’: Permission denied
find: ‘/proc/1/fd’: Permission denied
find: ‘/proc/1/map_files’: Permission denied
find: ‘/proc/1/fdinfo’: Permission denied
find: ‘/proc/1/ns’: Permission denied
find: ‘/proc/2/task/2/fd’: Permission denied
find: ‘/proc/2/task/2/fdinfo’: Permission denied
find: ‘/proc/2/task/2/ns’: Permission denied
find: ‘/proc/2/fd’: Permission denied
find: ‘/proc/2/map_files’: Permission denied
find: ‘/proc/2/fdinfo’: Permission denied
find: ‘/proc/2/ns’: Permission denied
find: ‘/proc/3/task/3/fd’: Permission denied
find: ‘/proc/3/task/3/fdinfo’: Permission denied
find: ‘/proc/3/task/3/ns’: Permission denied
find: ‘/proc/3/fd’: Permission denied
find: ‘/proc/3/map_files’: Permission denied
find: ‘/proc/3/fdinfo’: Permission denied
find: ‘/proc/3/ns’: Permission denied
find: ‘/proc/5/task/5/fd’: Permission denied
find: ‘/proc/5/task/5/fdinfo’: Permission denied
find: ‘/proc/5/task/5/ns’: Permission denied
find: ‘/proc/5/fd’: Permission denied
find: ‘/proc/5/map_files’: Permission denied
find: ‘/proc/5/fdinfo’: Permission denied
find: ‘/proc/5/ns’: Permission denied
find: ‘/proc/7/task/7/fd’: Permission denied
find: ‘/proc/7/task/7/fdinfo’: Permission denied
find: ‘/proc/7/task/7/ns’: Permission denied
find: ‘/proc/7/fd’: Permission denied
find: ‘/proc/7/map_files’: Permission denied
find: ‘/proc/7/fdinfo’: Permission denied
find: ‘/proc/7/ns’: Permission denied
find: ‘/proc/8/task/8/fd’: Permission denied
find: ‘/proc/8/task/8/fdinfo’: Permission denied
find: ‘/proc/8/task/8/ns’: Permission denied
find: ‘/proc/8/fd’: Permission denied
find: ‘/proc/8/map_files’: Permission denied
find: ‘/proc/8/fdinfo’: Permission denied
find: ‘/proc/8/ns’: Permission denied
find: ‘/proc/9/task/9/fd’: Permission denied
find: ‘/proc/9/task/9/fdinfo’: Permission denied
find: ‘/proc/9/task/9/ns’: Permission denied
find: ‘/proc/9/fd’: Permission denied
find: ‘/proc/9/map_files’: Permission denied
find: ‘/proc/9/fdinfo’: Permission denied
find: ‘/proc/9/ns’: Permission denied
find: ‘/proc/10/task/10/fd’: Permission denied
find: ‘/proc/10/task/10/fdinfo’: Permission denied
find: ‘/proc/10/task/10/ns’: Permission denied
find: ‘/proc/10/fd’: Permission denied
find: ‘/proc/10/map_files’: Permission denied
find: ‘/proc/10/fdinfo’: Permission denied
find: ‘/proc/10/ns’: Permission denied
find: ‘/proc/11/task/11/fd’: Permission denied
find: ‘/proc/11/task/11/fdinfo’: Permission denied
find: ‘/proc/11/task/11/ns’: Permission denied
find: ‘/proc/11/fd’: Permission denied
find: ‘/proc/11/map_files’: Permission denied
find: ‘/proc/11/fdinfo’: Permission denied
find: ‘/proc/11/ns’: Permission denied
find: ‘/proc/12/task/12/fd’: Permission denied
find: ‘/proc/12/task/12/fdinfo’: Permission denied
find: ‘/proc/12/task/12/ns’: Permission denied
find: ‘/proc/12/fd’: Permission denied
find: ‘/proc/12/map_files’: Permission denied
find: ‘/proc/12/fdinfo’: Permission denied
find: ‘/proc/12/ns’: Permission denied
find: ‘/proc/13/task/13/fd’: Permission denied
find: ‘/proc/13/task/13/fdinfo’: Permission denied
find: ‘/proc/13/task/13/ns’: Permission denied
find: ‘/proc/13/fd’: Permission denied
find: ‘/proc/13/map_files’: Permission denied
find: ‘/proc/13/fdinfo’: Permission denied
find: ‘/proc/13/ns’: Permission denied
find: ‘/proc/15/task/15/fd’: Permission denied
find: ‘/proc/15/task/15/fdinfo’: Permission denied
find: ‘/proc/15/task/15/ns’: Permission denied
find: ‘/proc/15/fd’: Permission denied
find: ‘/proc/15/map_files’: Permission denied
find: ‘/proc/15/fdinfo’: Permission denied
find: ‘/proc/15/ns’: Permission denied
find: ‘/proc/16/task/16/fd’: Permission denied
find: ‘/proc/16/task/16/fdinfo’: Permission denied
find: ‘/proc/16/task/16/ns’: Permission denied
find: ‘/proc/16/fd’: Permission denied
find: ‘/proc/16/map_files’: Permission denied
find: ‘/proc/16/fdinfo’: Permission denied
find: ‘/proc/16/ns’: Permission denied
find: ‘/proc/17/task/17/fd’: Permission denied
find: ‘/proc/17/task/17/fdinfo’: Permission denied
find: ‘/proc/17/task/17/ns’: Permission denied
find: ‘/proc/17/fd’: Permission denied
find: ‘/proc/17/map_files’: Permission denied
find: ‘/proc/17/fdinfo’: Permission denied
find: ‘/proc/17/ns’: Permission denied
find: ‘/proc/18/task/18/fd’: Permission denied
find: ‘/proc/18/task/18/fdinfo’: Permission denied
find: ‘/proc/18/task/18/ns’: Permission denied
find: ‘/proc/18/fd’: Permission denied
find: ‘/proc/18/map_files’: Permission denied
find: ‘/proc/18/fdinfo’: Permission denied
find: ‘/proc/18/ns’: Permission denied
find: ‘/proc/19/task/19/fd’: Permission denied
find: ‘/proc/19/task/19/fdinfo’: Permission denied
find: ‘/proc/19/task/19/ns’: Permission denied
find: ‘/proc/19/fd’: Permission denied
find: ‘/proc/19/map_files’: Permission denied
find: ‘/proc/19/fdinfo’: Permission denied
find: ‘/proc/19/ns’: Permission denied
find: ‘/proc/20/task/20/fd’: Permission denied
find: ‘/proc/20/task/20/fdinfo’: Permission denied
find: ‘/proc/20/task/20/ns’: Permission denied
find: ‘/proc/20/fd’: Permission denied
find: ‘/proc/20/map_files’: Permission denied
find: ‘/proc/20/fdinfo’: Permission denied
find: ‘/proc/20/ns’: Permission denied
find: ‘/proc/21/task/21/fd’: Permission denied
find: ‘/proc/21/task/21/fdinfo’: Permission denied
find: ‘/proc/21/task/21/ns’: Permission denied
find: ‘/proc/21/fd’: Permission denied
find: ‘/proc/21/map_files’: Permission denied
find: ‘/proc/21/fdinfo’: Permission denied
find: ‘/proc/21/ns’: Permission denied
find: ‘/proc/22/task/22/fd’: Permission denied
find: ‘/proc/22/task/22/fdinfo’: Permission denied
find: ‘/proc/22/task/22/ns’: Permission denied
find: ‘/proc/22/fd’: Permission denied
find: ‘/proc/22/map_files’: Permission denied
find: ‘/proc/22/fdinfo’: Permission denied
find: ‘/proc/22/ns’: Permission denied
find: ‘/proc/23/task/23/fd’: Permission denied
find: ‘/proc/23/task/23/fdinfo’: Permission denied
find: ‘/proc/23/task/23/ns’: Permission denied
find: ‘/proc/23/fd’: Permission denied
find: ‘/proc/23/map_files’: Permission denied
find: ‘/proc/23/fdinfo’: Permission denied
find: ‘/proc/23/ns’: Permission denied
find: ‘/proc/24/task/24/fd’: Permission denied
find: ‘/proc/24/task/24/fdinfo’: Permission denied
find: ‘/proc/24/task/24/ns’: Permission denied
find: ‘/proc/24/fd’: Permission denied
find: ‘/proc/24/map_files’: Permission denied
find: ‘/proc/24/fdinfo’: Permission denied
find: ‘/proc/24/ns’: Permission denied
find: ‘/proc/25/task/25/fd’: Permission denied
find: ‘/proc/25/task/25/fdinfo’: Permission denied
find: ‘/proc/25/task/25/ns’: Permission denied
find: ‘/proc/25/fd’: Permission denied
find: ‘/proc/25/map_files’: Permission denied
find: ‘/proc/25/fdinfo’: Permission denied
find: ‘/proc/25/ns’: Permission denied
find: ‘/proc/26/task/26/fd’: Permission denied
find: ‘/proc/26/task/26/fdinfo’: Permission denied
find: ‘/proc/26/task/26/ns’: Permission denied
find: ‘/proc/26/fd’: Permission denied
find: ‘/proc/26/map_files’: Permission denied
find: ‘/proc/26/fdinfo’: Permission denied
find: ‘/proc/26/ns’: Permission denied
find: ‘/proc/28/task/28/fd’: Permission denied
find: ‘/proc/28/task/28/fdinfo’: Permission denied
find: ‘/proc/28/task/28/ns’: Permission denied
find: ‘/proc/28/fd’: Permission denied
find: ‘/proc/28/map_files’: Permission denied
find: ‘/proc/28/fdinfo’: Permission denied
find: ‘/proc/28/ns’: Permission denied
find: ‘/proc/29/task/29/fd’: Permission denied
find: ‘/proc/29/task/29/fdinfo’: Permission denied
find: ‘/proc/29/task/29/ns’: Permission denied
find: ‘/proc/29/fd’: Permission denied
find: ‘/proc/29/map_files’: Permission denied
find: ‘/proc/29/fdinfo’: Permission denied
find: ‘/proc/29/ns’: Permission denied
find: ‘/proc/30/task/30/fd’: Permission denied
find: ‘/proc/30/task/30/fdinfo’: Permission denied
find: ‘/proc/30/task/30/ns’: Permission denied
find: ‘/proc/30/fd’: Permission denied
find: ‘/proc/30/map_files’: Permission denied
find: ‘/proc/30/fdinfo’: Permission denied
find: ‘/proc/30/ns’: Permission denied
find: ‘/proc/33/task/33/fd’: Permission denied
find: ‘/proc/33/task/33/fdinfo’: Permission denied
find: ‘/proc/33/task/33/ns’: Permission denied
find: ‘/proc/33/fd’: Permission denied
find: ‘/proc/33/map_files’: Permission denied
find: ‘/proc/33/fdinfo’: Permission denied
find: ‘/proc/33/ns’: Permission denied
find: ‘/proc/34/task/34/fd’: Permission denied
find: ‘/proc/34/task/34/fdinfo’: Permission denied
find: ‘/proc/34/task/34/ns’: Permission denied
find: ‘/proc/34/fd’: Permission denied
find: ‘/proc/34/map_files’: Permission denied
find: ‘/proc/34/fdinfo’: Permission denied
find: ‘/proc/34/ns’: Permission denied
find: ‘/proc/35/task/35/fd’: Permission denied
find: ‘/proc/35/task/35/fdinfo’: Permission denied
find: ‘/proc/35/task/35/ns’: Permission denied
find: ‘/proc/35/fd’: Permission denied
find: ‘/proc/35/map_files’: Permission denied
find: ‘/proc/35/fdinfo’: Permission denied
find: ‘/proc/35/ns’: Permission denied
find: ‘/proc/36/task/36/fd’: Permission denied
find: ‘/proc/36/task/36/fdinfo’: Permission denied
find: ‘/proc/36/task/36/ns’: Permission denied
find: ‘/proc/36/fd’: Permission denied
find: ‘/proc/36/map_files’: Permission denied
find: ‘/proc/36/fdinfo’: Permission denied
find: ‘/proc/36/ns’: Permission denied
find: ‘/proc/52/task/52/fd’: Permission denied
find: ‘/proc/52/task/52/fdinfo’: Permission denied
find: ‘/proc/52/task/52/ns’: Permission denied
find: ‘/proc/52/fd’: Permission denied
find: ‘/proc/52/map_files’: Permission denied
find: ‘/proc/52/fdinfo’: Permission denied
find: ‘/proc/52/ns’: Permission denied
find: ‘/proc/53/task/53/fd’: Permission denied
find: ‘/proc/53/task/53/fdinfo’: Permission denied
find: ‘/proc/53/task/53/ns’: Permission denied
find: ‘/proc/53/fd’: Permission denied
find: ‘/proc/53/map_files’: Permission denied
find: ‘/proc/53/fdinfo’: Permission denied
find: ‘/proc/53/ns’: Permission denied
find: ‘/proc/55/task/55/fd’: Permission denied
find: ‘/proc/55/task/55/fdinfo’: Permission denied
find: ‘/proc/55/task/55/ns’: Permission denied
find: ‘/proc/55/fd’: Permission denied
find: ‘/proc/55/map_files’: Permission denied
find: ‘/proc/55/fdinfo’: Permission denied
find: ‘/proc/55/ns’: Permission denied
find: ‘/proc/56/task/56/fd’: Permission denied
find: ‘/proc/56/task/56/fdinfo’: Permission denied
find: ‘/proc/56/task/56/ns’: Permission denied
find: ‘/proc/56/fd’: Permission denied
find: ‘/proc/56/map_files’: Permission denied
find: ‘/proc/56/fdinfo’: Permission denied
find: ‘/proc/56/ns’: Permission denied
find: ‘/proc/57/task/57/fd’: Permission denied
find: ‘/proc/57/task/57/fdinfo’: Permission denied
find: ‘/proc/57/task/57/ns’: Permission denied
find: ‘/proc/57/fd’: Permission denied
find: ‘/proc/57/map_files’: Permission denied
find: ‘/proc/57/fdinfo’: Permission denied
find: ‘/proc/57/ns’: Permission denied
find: ‘/proc/58/task/58/fd’: Permission denied
find: ‘/proc/58/task/58/fdinfo’: Permission denied
find: ‘/proc/58/task/58/ns’: Permission denied
find: ‘/proc/58/fd’: Permission denied
find: ‘/proc/58/map_files’: Permission denied
find: ‘/proc/58/fdinfo’: Permission denied
find: ‘/proc/58/ns’: Permission denied
find: ‘/proc/59/task/59/fd’: Permission denied
find: ‘/proc/59/task/59/fdinfo’: Permission denied
find: ‘/proc/59/task/59/ns’: Permission denied
find: ‘/proc/59/fd’: Permission denied
find: ‘/proc/59/map_files’: Permission denied
find: ‘/proc/59/fdinfo’: Permission denied
find: ‘/proc/59/ns’: Permission denied
find: ‘/proc/60/task/60/fd’: Permission denied
find: ‘/proc/60/task/60/fdinfo’: Permission denied
find: ‘/proc/60/task/60/ns’: Permission denied
find: ‘/proc/60/fd’: Permission denied
find: ‘/proc/60/map_files’: Permission denied
find: ‘/proc/60/fdinfo’: Permission denied
find: ‘/proc/60/ns’: Permission denied
find: ‘/proc/61/task/61/fd’: Permission denied
find: ‘/proc/61/task/61/fdinfo’: Permission denied
find: ‘/proc/61/task/61/ns’: Permission denied
find: ‘/proc/61/fd’: Permission denied
find: ‘/proc/61/map_files’: Permission denied
find: ‘/proc/61/fdinfo’: Permission denied
find: ‘/proc/61/ns’: Permission denied
find: ‘/proc/62/task/62/fd’: Permission denied
find: ‘/proc/62/task/62/fdinfo’: Permission denied
find: ‘/proc/62/task/62/ns’: Permission denied
find: ‘/proc/62/fd’: Permission denied
find: ‘/proc/62/map_files’: Permission denied
find: ‘/proc/62/fdinfo’: Permission denied
find: ‘/proc/62/ns’: Permission denied
find: ‘/proc/63/task/63/fd’: Permission denied
find: ‘/proc/63/task/63/fdinfo’: Permission denied
find: ‘/proc/63/task/63/ns’: Permission denied
find: ‘/proc/63/fd’: Permission denied
find: ‘/proc/63/map_files’: Permission denied
find: ‘/proc/63/fdinfo’: Permission denied
find: ‘/proc/63/ns’: Permission denied
find: ‘/proc/64/task/64/fd’: Permission denied
find: ‘/proc/64/task/64/fdinfo’: Permission denied
find: ‘/proc/64/task/64/ns’: Permission denied
find: ‘/proc/64/fd’: Permission denied
find: ‘/proc/64/map_files’: Permission denied
find: ‘/proc/64/fdinfo’: Permission denied
find: ‘/proc/64/ns’: Permission denied
find: ‘/proc/65/task/65/fd’: Permission denied
find: ‘/proc/65/task/65/fdinfo’: Permission denied
find: ‘/proc/65/task/65/ns’: Permission denied
find: ‘/proc/65/fd’: Permission denied
find: ‘/proc/65/map_files’: Permission denied
find: ‘/proc/65/fdinfo’: Permission denied
find: ‘/proc/65/ns’: Permission denied
find: ‘/proc/66/task/66/fd’: Permission denied
find: ‘/proc/66/task/66/fdinfo’: Permission denied
find: ‘/proc/66/task/66/ns’: Permission denied
find: ‘/proc/66/fd’: Permission denied
find: ‘/proc/66/map_files’: Permission denied
find: ‘/proc/66/fdinfo’: Permission denied
find: ‘/proc/66/ns’: Permission denied
find: ‘/proc/72/task/72/fd’: Permission denied
find: ‘/proc/72/task/72/fdinfo’: Permission denied
find: ‘/proc/72/task/72/ns’: Permission denied
find: ‘/proc/72/fd’: Permission denied
find: ‘/proc/72/map_files’: Permission denied
find: ‘/proc/72/fdinfo’: Permission denied
find: ‘/proc/72/ns’: Permission denied
find: ‘/proc/85/task/85/fd’: Permission denied
find: ‘/proc/85/task/85/fdinfo’: Permission denied
find: ‘/proc/85/task/85/ns’: Permission denied
find: ‘/proc/85/fd’: Permission denied
find: ‘/proc/85/map_files’: Permission denied
find: ‘/proc/85/fdinfo’: Permission denied
find: ‘/proc/85/ns’: Permission denied
find: ‘/proc/86/task/86/fd’: Permission denied
find: ‘/proc/86/task/86/fdinfo’: Permission denied
find: ‘/proc/86/task/86/ns’: Permission denied
find: ‘/proc/86/fd’: Permission denied
find: ‘/proc/86/map_files’: Permission denied
find: ‘/proc/86/fdinfo’: Permission denied
find: ‘/proc/86/ns’: Permission denied
find: ‘/proc/128/task/128/fd’: Permission denied
find: ‘/proc/128/task/128/fdinfo’: Permission denied
find: ‘/proc/128/task/128/ns’: Permission denied
find: ‘/proc/128/fd’: Permission denied
find: ‘/proc/128/map_files’: Permission denied
find: ‘/proc/128/fdinfo’: Permission denied
find: ‘/proc/128/ns’: Permission denied
find: ‘/proc/129/task/129/fd’: Permission denied
find: ‘/proc/129/task/129/fdinfo’: Permission denied
find: ‘/proc/129/task/129/ns’: Permission denied
find: ‘/proc/129/fd’: Permission denied
find: ‘/proc/129/map_files’: Permission denied
find: ‘/proc/129/fdinfo’: Permission denied
find: ‘/proc/129/ns’: Permission denied
find: ‘/proc/130/task/130/fd’: Permission denied
find: ‘/proc/130/task/130/fdinfo’: Permission denied
find: ‘/proc/130/task/130/ns’: Permission denied
find: ‘/proc/130/fd’: Permission denied
find: ‘/proc/130/map_files’: Permission denied
find: ‘/proc/130/fdinfo’: Permission denied
find: ‘/proc/130/ns’: Permission denied
find: ‘/proc/131/task/131/fd’: Permission denied
find: ‘/proc/131/task/131/fdinfo’: Permission denied
find: ‘/proc/131/task/131/ns’: Permission denied
find: ‘/proc/131/fd’: Permission denied
find: ‘/proc/131/map_files’: Permission denied
find: ‘/proc/131/fdinfo’: Permission denied
find: ‘/proc/131/ns’: Permission denied
find: ‘/proc/132/task/132/fd’: Permission denied
find: ‘/proc/132/task/132/fdinfo’: Permission denied
find: ‘/proc/132/task/132/ns’: Permission denied
find: ‘/proc/132/fd’: Permission denied
find: ‘/proc/132/map_files’: Permission denied
find: ‘/proc/132/fdinfo’: Permission denied
find: ‘/proc/132/ns’: Permission denied
find: ‘/proc/133/task/133/fd’: Permission denied
find: ‘/proc/133/task/133/fdinfo’: Permission denied
find: ‘/proc/133/task/133/ns’: Permission denied
find: ‘/proc/133/fd’: Permission denied
find: ‘/proc/133/map_files’: Permission denied
find: ‘/proc/133/fdinfo’: Permission denied
find: ‘/proc/133/ns’: Permission denied
find: ‘/proc/134/task/134/fd’: Permission denied
find: ‘/proc/134/task/134/fdinfo’: Permission denied
find: ‘/proc/134/task/134/ns’: Permission denied
find: ‘/proc/134/fd’: Permission denied
find: ‘/proc/134/map_files’: Permission denied
find: ‘/proc/134/fdinfo’: Permission denied
find: ‘/proc/134/ns’: Permission denied
find: ‘/proc/135/task/135/fd’: Permission denied
find: ‘/proc/135/task/135/fdinfo’: Permission denied
find: ‘/proc/135/task/135/ns’: Permission denied
find: ‘/proc/135/fd’: Permission denied
find: ‘/proc/135/map_files’: Permission denied
find: ‘/proc/135/fdinfo’: Permission denied
find: ‘/proc/135/ns’: Permission denied
find: ‘/proc/136/task/136/fd’: Permission denied
find: ‘/proc/136/task/136/fdinfo’: Permission denied
find: ‘/proc/136/task/136/ns’: Permission denied
find: ‘/proc/136/fd’: Permission denied
find: ‘/proc/136/map_files’: Permission denied
find: ‘/proc/136/fdinfo’: Permission denied
find: ‘/proc/136/ns’: Permission denied
find: ‘/proc/137/task/137/fd’: Permission denied
find: ‘/proc/137/task/137/fdinfo’: Permission denied
find: ‘/proc/137/task/137/ns’: Permission denied
find: ‘/proc/137/fd’: Permission denied
find: ‘/proc/137/map_files’: Permission denied
find: ‘/proc/137/fdinfo’: Permission denied
find: ‘/proc/137/ns’: Permission denied
find: ‘/proc/138/task/138/fd’: Permission denied
find: ‘/proc/138/task/138/fdinfo’: Permission denied
find: ‘/proc/138/task/138/ns’: Permission denied
find: ‘/proc/138/fd’: Permission denied
find: ‘/proc/138/map_files’: Permission denied
find: ‘/proc/138/fdinfo’: Permission denied
find: ‘/proc/138/ns’: Permission denied
find: ‘/proc/142/task/142/fd’: Permission denied
find: ‘/proc/142/task/142/fdinfo’: Permission denied
find: ‘/proc/142/task/142/ns’: Permission denied
find: ‘/proc/142/fd’: Permission denied
find: ‘/proc/142/map_files’: Permission denied
find: ‘/proc/142/fdinfo’: Permission denied
find: ‘/proc/142/ns’: Permission denied
find: ‘/proc/144/task/144/fd’: Permission denied
find: ‘/proc/144/task/144/fdinfo’: Permission denied
find: ‘/proc/144/task/144/ns’: Permission denied
find: ‘/proc/144/fd’: Permission denied
find: ‘/proc/144/map_files’: Permission denied
find: ‘/proc/144/fdinfo’: Permission denied
find: ‘/proc/144/ns’: Permission denied
find: ‘/proc/168/task/168/fd’: Permission denied
find: ‘/proc/168/task/168/fdinfo’: Permission denied
find: ‘/proc/168/task/168/ns’: Permission denied
find: ‘/proc/168/fd’: Permission denied
find: ‘/proc/168/map_files’: Permission denied
find: ‘/proc/168/fdinfo’: Permission denied
find: ‘/proc/168/ns’: Permission denied
find: ‘/proc/169/task/169/fd’: Permission denied
find: ‘/proc/169/task/169/fdinfo’: Permission denied
find: ‘/proc/169/task/169/ns’: Permission denied
find: ‘/proc/169/fd’: Permission denied
find: ‘/proc/169/map_files’: Permission denied
find: ‘/proc/169/fdinfo’: Permission denied
find: ‘/proc/169/ns’: Permission denied
find: ‘/proc/171/task/171/fd’: Permission denied
find: ‘/proc/171/task/171/fdinfo’: Permission denied
find: ‘/proc/171/task/171/ns’: Permission denied
find: ‘/proc/171/fd’: Permission denied
find: ‘/proc/171/map_files’: Permission denied
find: ‘/proc/171/fdinfo’: Permission denied
find: ‘/proc/171/ns’: Permission denied
find: ‘/proc/172/task/172/fd’: Permission denied
find: ‘/proc/172/task/172/fdinfo’: Permission denied
find: ‘/proc/172/task/172/ns’: Permission denied
find: ‘/proc/172/fd’: Permission denied
find: ‘/proc/172/map_files’: Permission denied
find: ‘/proc/172/fdinfo’: Permission denied
find: ‘/proc/172/ns’: Permission denied
find: ‘/proc/208/task/208/fd’: Permission denied
find: ‘/proc/208/task/208/fdinfo’: Permission denied
find: ‘/proc/208/task/208/ns’: Permission denied
find: ‘/proc/208/fd’: Permission denied
find: ‘/proc/208/map_files’: Permission denied
find: ‘/proc/208/fdinfo’: Permission denied
find: ‘/proc/208/ns’: Permission denied
find: ‘/proc/222/task/222/fd’: Permission denied
find: ‘/proc/222/task/222/fdinfo’: Permission denied
find: ‘/proc/222/task/222/ns’: Permission denied
find: ‘/proc/222/fd’: Permission denied
find: ‘/proc/222/map_files’: Permission denied
find: ‘/proc/222/fdinfo’: Permission denied
find: ‘/proc/222/ns’: Permission denied
find: ‘/proc/247/task/247/fd’: Permission denied
find: ‘/proc/247/task/247/fdinfo’: Permission denied
find: ‘/proc/247/task/247/ns’: Permission denied
find: ‘/proc/247/fd’: Permission denied
find: ‘/proc/247/map_files’: Permission denied
find: ‘/proc/247/fdinfo’: Permission denied
find: ‘/proc/247/ns’: Permission denied
find: ‘/proc/358/task/358/fd’: Permission denied
find: ‘/proc/358/task/358/fdinfo’: Permission denied
find: ‘/proc/358/task/358/ns’: Permission denied
find: ‘/proc/358/fd’: Permission denied
find: ‘/proc/358/map_files’: Permission denied
find: ‘/proc/358/fdinfo’: Permission denied
find: ‘/proc/358/ns’: Permission denied
find: ‘/proc/381/task/381/fd’: Permission denied
find: ‘/proc/381/task/381/fdinfo’: Permission denied
find: ‘/proc/381/task/381/ns’: Permission denied
find: ‘/proc/381/fd’: Permission denied
find: ‘/proc/381/map_files’: Permission denied
find: ‘/proc/381/fdinfo’: Permission denied
find: ‘/proc/381/ns’: Permission denied
find: ‘/proc/382/task/382/fd’: Permission denied
find: ‘/proc/382/task/382/fdinfo’: Permission denied
find: ‘/proc/382/task/382/ns’: Permission denied
find: ‘/proc/382/fd’: Permission denied
find: ‘/proc/382/map_files’: Permission denied
find: ‘/proc/382/fdinfo’: Permission denied
find: ‘/proc/382/ns’: Permission denied
find: ‘/proc/388/task/388/fd’: Permission denied
find: ‘/proc/388/task/388/fdinfo’: Permission denied
find: ‘/proc/388/task/388/ns’: Permission denied
find: ‘/proc/388/fd’: Permission denied
find: ‘/proc/388/map_files’: Permission denied
find: ‘/proc/388/fdinfo’: Permission denied
find: ‘/proc/388/ns’: Permission denied
find: ‘/proc/405/task/405/fd’: Permission denied
find: ‘/proc/405/task/405/fdinfo’: Permission denied
find: ‘/proc/405/task/405/ns’: Permission denied
find: ‘/proc/405/fd’: Permission denied
find: ‘/proc/405/map_files’: Permission denied
find: ‘/proc/405/fdinfo’: Permission denied
find: ‘/proc/405/ns’: Permission denied
find: ‘/proc/434/task/434/fd’: Permission denied
find: ‘/proc/434/task/434/fdinfo’: Permission denied
find: ‘/proc/434/task/434/ns’: Permission denied
find: ‘/proc/434/fd’: Permission denied
find: ‘/proc/434/map_files’: Permission denied
find: ‘/proc/434/fdinfo’: Permission denied
find: ‘/proc/434/ns’: Permission denied
find: ‘/proc/580/task/580/fd’: Permission denied
find: ‘/proc/580/task/580/fdinfo’: Permission denied
find: ‘/proc/580/task/580/ns’: Permission denied
find: ‘/proc/580/task/583/fd’: Permission denied
find: ‘/proc/580/task/583/fdinfo’: Permission denied
find: ‘/proc/580/task/583/ns’: Permission denied
find: ‘/proc/580/fd’: Permission denied
find: ‘/proc/580/map_files’: Permission denied
find: ‘/proc/580/fdinfo’: Permission denied
find: ‘/proc/580/ns’: Permission denied
find: ‘/proc/661/task/661/fd’: Permission denied
find: ‘/proc/661/task/661/fdinfo’: Permission denied
find: ‘/proc/661/task/661/ns’: Permission denied
find: ‘/proc/661/fd’: Permission denied
find: ‘/proc/661/map_files’: Permission denied
find: ‘/proc/661/fdinfo’: Permission denied
find: ‘/proc/661/ns’: Permission denied
find: ‘/proc/666/task/666/fd’: Permission denied
find: ‘/proc/666/task/666/fdinfo’: Permission denied
find: ‘/proc/666/task/666/ns’: Permission denied
find: ‘/proc/666/fd’: Permission denied
find: ‘/proc/666/map_files’: Permission denied
find: ‘/proc/666/fdinfo’: Permission denied
find: ‘/proc/666/ns’: Permission denied
find: ‘/proc/671/task/671/fd’: Permission denied
find: ‘/proc/671/task/671/fdinfo’: Permission denied
find: ‘/proc/671/task/671/ns’: Permission denied
find: ‘/proc/671/fd’: Permission denied
find: ‘/proc/671/map_files’: Permission denied
find: ‘/proc/671/fdinfo’: Permission denied
find: ‘/proc/671/ns’: Permission denied
find: ‘/proc/676/task/676/fd’: Permission denied
find: ‘/proc/676/task/676/fdinfo’: Permission denied
find: ‘/proc/676/task/676/ns’: Permission denied
find: ‘/proc/676/task/726/fd’: Permission denied
find: ‘/proc/676/task/726/fdinfo’: Permission denied
find: ‘/proc/676/task/726/ns’: Permission denied
find: ‘/proc/676/task/727/fd’: Permission denied
find: ‘/proc/676/task/727/fdinfo’: Permission denied
find: ‘/proc/676/task/727/ns’: Permission denied
find: ‘/proc/676/task/728/fd’: Permission denied
find: ‘/proc/676/task/728/fdinfo’: Permission denied
find: ‘/proc/676/task/728/ns’: Permission denied
find: ‘/proc/676/fd’: Permission denied
find: ‘/proc/676/map_files’: Permission denied
find: ‘/proc/676/fdinfo’: Permission denied
find: ‘/proc/676/ns’: Permission denied
find: ‘/proc/683/task/683/fd’: Permission denied
find: ‘/proc/683/task/683/fdinfo’: Permission denied
find: ‘/proc/683/task/683/ns’: Permission denied
find: ‘/proc/683/fd’: Permission denied
find: ‘/proc/683/map_files’: Permission denied
find: ‘/proc/683/fdinfo’: Permission denied
find: ‘/proc/683/ns’: Permission denied
find: ‘/proc/689/task/689/fd’: Permission denied
find: ‘/proc/689/task/689/fdinfo’: Permission denied
find: ‘/proc/689/task/689/ns’: Permission denied
find: ‘/proc/689/fd’: Permission denied
find: ‘/proc/689/map_files’: Permission denied
find: ‘/proc/689/fdinfo’: Permission denied
find: ‘/proc/689/ns’: Permission denied
find: ‘/proc/711/task/711/fd’: Permission denied
find: ‘/proc/711/task/711/fdinfo’: Permission denied
find: ‘/proc/711/task/711/ns’: Permission denied
find: ‘/proc/711/fd’: Permission denied
find: ‘/proc/711/map_files’: Permission denied
find: ‘/proc/711/fdinfo’: Permission denied
find: ‘/proc/711/ns’: Permission denied
find: ‘/proc/720/task/720/fd’: Permission denied
find: ‘/proc/720/task/720/fdinfo’: Permission denied
find: ‘/proc/720/task/720/ns’: Permission denied
find: ‘/proc/720/fd’: Permission denied
find: ‘/proc/720/map_files’: Permission denied
find: ‘/proc/720/fdinfo’: Permission denied
find: ‘/proc/720/ns’: Permission denied
find: ‘/proc/729/task/729/fd’: Permission denied
find: ‘/proc/729/task/729/fdinfo’: Permission denied
find: ‘/proc/729/task/729/ns’: Permission denied
find: ‘/proc/729/fd’: Permission denied
find: ‘/proc/729/map_files’: Permission denied
find: ‘/proc/729/fdinfo’: Permission denied
find: ‘/proc/729/ns’: Permission denied
find: ‘/proc/732/task/732/fd’: Permission denied
find: ‘/proc/732/task/732/fdinfo’: Permission denied
find: ‘/proc/732/task/732/ns’: Permission denied
find: ‘/proc/732/fd’: Permission denied
find: ‘/proc/732/map_files’: Permission denied
find: ‘/proc/732/fdinfo’: Permission denied
find: ‘/proc/732/ns’: Permission denied
find: ‘/proc/743/task/743/fd’: Permission denied
find: ‘/proc/743/task/743/fdinfo’: Permission denied
find: ‘/proc/743/task/743/ns’: Permission denied
find: ‘/proc/743/task/823/fd’: Permission denied
find: ‘/proc/743/task/823/fdinfo’: Permission denied
find: ‘/proc/743/task/823/ns’: Permission denied
find: ‘/proc/743/task/831/fd’: Permission denied
find: ‘/proc/743/task/831/fdinfo’: Permission denied
find: ‘/proc/743/task/831/ns’: Permission denied
find: ‘/proc/743/task/832/fd’: Permission denied
find: ‘/proc/743/task/832/fdinfo’: Permission denied
find: ‘/proc/743/task/832/ns’: Permission denied
find: ‘/proc/743/task/851/fd’: Permission denied
find: ‘/proc/743/task/851/fdinfo’: Permission denied
find: ‘/proc/743/task/851/ns’: Permission denied
find: ‘/proc/743/task/852/fd’: Permission denied
find: ‘/proc/743/task/852/fdinfo’: Permission denied
find: ‘/proc/743/task/852/ns’: Permission denied
find: ‘/proc/743/task/853/fd’: Permission denied
find: ‘/proc/743/task/853/fdinfo’: Permission denied
find: ‘/proc/743/task/853/ns’: Permission denied
find: ‘/proc/743/task/20947/fd’: Permission denied
find: ‘/proc/743/task/20947/fdinfo’: Permission denied
find: ‘/proc/743/task/20947/ns’: Permission denied
find: ‘/proc/743/task/31369/fd’: Permission denied
find: ‘/proc/743/task/31369/fdinfo’: Permission denied
find: ‘/proc/743/task/31369/ns’: Permission denied
find: ‘/proc/743/task/31370/fd’: Permission denied
find: ‘/proc/743/task/31370/fdinfo’: Permission denied
find: ‘/proc/743/task/31370/ns’: Permission denied
find: ‘/proc/743/fd’: Permission denied
find: ‘/proc/743/map_files’: Permission denied
find: ‘/proc/743/fdinfo’: Permission denied
find: ‘/proc/743/ns’: Permission denied
find: ‘/proc/748/task/748/fd’: Permission denied
find: ‘/proc/748/task/748/fdinfo’: Permission denied
find: ‘/proc/748/task/748/ns’: Permission denied
find: ‘/proc/748/fd’: Permission denied
find: ‘/proc/748/map_files’: Permission denied
find: ‘/proc/748/fdinfo’: Permission denied
find: ‘/proc/748/ns’: Permission denied
find: ‘/proc/750/task/750/fd’: Permission denied
find: ‘/proc/750/task/750/fdinfo’: Permission denied
find: ‘/proc/750/task/750/ns’: Permission denied
find: ‘/proc/750/task/787/fd’: Permission denied
find: ‘/proc/750/task/787/fdinfo’: Permission denied
find: ‘/proc/750/task/787/ns’: Permission denied
find: ‘/proc/750/task/789/fd’: Permission denied
find: ‘/proc/750/task/789/fdinfo’: Permission denied
find: ‘/proc/750/task/789/ns’: Permission denied
find: ‘/proc/750/fd’: Permission denied
find: ‘/proc/750/map_files’: Permission denied
find: ‘/proc/750/fdinfo’: Permission denied
find: ‘/proc/750/ns’: Permission denied
find: ‘/proc/753/task/753/fd’: Permission denied
find: ‘/proc/753/task/753/fdinfo’: Permission denied
find: ‘/proc/753/task/753/ns’: Permission denied
find: ‘/proc/753/task/800/fd’: Permission denied
find: ‘/proc/753/task/800/fdinfo’: Permission denied
find: ‘/proc/753/task/800/ns’: Permission denied
find: ‘/proc/753/task/802/fd’: Permission denied
find: ‘/proc/753/task/802/fdinfo’: Permission denied
find: ‘/proc/753/task/802/ns’: Permission denied
find: ‘/proc/753/fd’: Permission denied
find: ‘/proc/753/map_files’: Permission denied
find: ‘/proc/753/fdinfo’: Permission denied
find: ‘/proc/753/ns’: Permission denied
find: ‘/proc/755/task/755/fd’: Permission denied
find: ‘/proc/755/task/755/fdinfo’: Permission denied
find: ‘/proc/755/task/755/ns’: Permission denied
find: ‘/proc/755/task/826/fd’: Permission denied
find: ‘/proc/755/task/826/fdinfo’: Permission denied
find: ‘/proc/755/task/826/ns’: Permission denied
find: ‘/proc/755/task/834/fd’: Permission denied
find: ‘/proc/755/task/834/fdinfo’: Permission denied
find: ‘/proc/755/task/834/ns’: Permission denied
find: ‘/proc/755/fd’: Permission denied
find: ‘/proc/755/map_files’: Permission denied
find: ‘/proc/755/fdinfo’: Permission denied
find: ‘/proc/755/ns’: Permission denied
find: ‘/proc/761/task/761/fd’: Permission denied
find: ‘/proc/761/task/761/fdinfo’: Permission denied
find: ‘/proc/761/task/761/ns’: Permission denied
find: ‘/proc/761/fd’: Permission denied
find: ‘/proc/761/map_files’: Permission denied
find: ‘/proc/761/fdinfo’: Permission denied
find: ‘/proc/761/ns’: Permission denied
find: ‘/proc/806/task/806/fd’: Permission denied
find: ‘/proc/806/task/806/fdinfo’: Permission denied
find: ‘/proc/806/task/806/ns’: Permission denied
find: ‘/proc/806/task/808/fd’: Permission denied
find: ‘/proc/806/task/808/fdinfo’: Permission denied
find: ‘/proc/806/task/808/ns’: Permission denied
find: ‘/proc/806/task/810/fd’: Permission denied
find: ‘/proc/806/task/810/fdinfo’: Permission denied
find: ‘/proc/806/task/810/ns’: Permission denied
find: ‘/proc/806/fd’: Permission denied
find: ‘/proc/806/map_files’: Permission denied
find: ‘/proc/806/fdinfo’: Permission denied
find: ‘/proc/806/ns’: Permission denied
find: ‘/proc/827/task/827/fd’: Permission denied
find: ‘/proc/827/task/827/fdinfo’: Permission denied
find: ‘/proc/827/task/827/ns’: Permission denied
find: ‘/proc/827/task/839/fd’: Permission denied
find: ‘/proc/827/task/839/fdinfo’: Permission denied
find: ‘/proc/827/task/839/ns’: Permission denied
find: ‘/proc/827/task/841/fd’: Permission denied
find: ‘/proc/827/task/841/fdinfo’: Permission denied
find: ‘/proc/827/task/841/ns’: Permission denied
find: ‘/proc/827/fd’: Permission denied
find: ‘/proc/827/map_files’: Permission denied
find: ‘/proc/827/fdinfo’: Permission denied
find: ‘/proc/827/ns’: Permission denied
find: ‘/proc/854/task/854/fd’: Permission denied
find: ‘/proc/854/task/854/fdinfo’: Permission denied
find: ‘/proc/854/task/854/ns’: Permission denied
find: ‘/proc/854/fd’: Permission denied
find: ‘/proc/854/map_files’: Permission denied
find: ‘/proc/854/fdinfo’: Permission denied
find: ‘/proc/854/ns’: Permission denied
find: ‘/proc/896/task/896/fd’: Permission denied
find: ‘/proc/896/task/896/fdinfo’: Permission denied
find: ‘/proc/896/task/896/ns’: Permission denied
find: ‘/proc/896/task/977/fd’: Permission denied
find: ‘/proc/896/task/977/fdinfo’: Permission denied
find: ‘/proc/896/task/977/ns’: Permission denied
find: ‘/proc/896/fd’: Permission denied
find: ‘/proc/896/map_files’: Permission denied
find: ‘/proc/896/fdinfo’: Permission denied
find: ‘/proc/896/ns’: Permission denied
find: ‘/proc/917/task/917/fd’: Permission denied
find: ‘/proc/917/task/917/fdinfo’: Permission denied
find: ‘/proc/917/task/917/ns’: Permission denied
find: ‘/proc/917/fd’: Permission denied
find: ‘/proc/917/map_files’: Permission denied
find: ‘/proc/917/fdinfo’: Permission denied
find: ‘/proc/917/ns’: Permission denied
find: ‘/proc/938/task/938/fd’: Permission denied
find: ‘/proc/938/task/938/fdinfo’: Permission denied
find: ‘/proc/938/task/938/ns’: Permission denied
find: ‘/proc/938/fd’: Permission denied
find: ‘/proc/938/map_files’: Permission denied
find: ‘/proc/938/fdinfo’: Permission denied
find: ‘/proc/938/ns’: Permission denied
find: ‘/proc/999/task/999/fd’: Permission denied
find: ‘/proc/999/task/999/fdinfo’: Permission denied
find: ‘/proc/999/task/999/ns’: Permission denied
find: ‘/proc/999/task/1119/fd’: Permission denied
find: ‘/proc/999/task/1119/fdinfo’: Permission denied
find: ‘/proc/999/task/1119/ns’: Permission denied
find: ‘/proc/999/task/1120/fd’: Permission denied
find: ‘/proc/999/task/1120/fdinfo’: Permission denied
find: ‘/proc/999/task/1120/ns’: Permission denied
find: ‘/proc/999/fd’: Permission denied
find: ‘/proc/999/map_files’: Permission denied
find: ‘/proc/999/fdinfo’: Permission denied
find: ‘/proc/999/ns’: Permission denied
find: ‘/proc/1049/task/1049/fd’: Permission denied
find: ‘/proc/1049/task/1049/fdinfo’: Permission denied
find: ‘/proc/1049/task/1049/ns’: Permission denied
find: ‘/proc/1049/fd’: Permission denied
find: ‘/proc/1049/map_files’: Permission denied
find: ‘/proc/1049/fdinfo’: Permission denied
find: ‘/proc/1049/ns’: Permission denied
find: ‘/proc/1131/task/1131/fd’: Permission denied
find: ‘/proc/1131/task/1131/fdinfo’: Permission denied
find: ‘/proc/1131/task/1131/ns’: Permission denied
find: ‘/proc/1131/fd’: Permission denied
find: ‘/proc/1131/map_files’: Permission denied
find: ‘/proc/1131/fdinfo’: Permission denied
find: ‘/proc/1131/ns’: Permission denied
find: ‘/proc/1271/task/1271/fd’: Permission denied
find: ‘/proc/1271/task/1271/fdinfo’: Permission denied
find: ‘/proc/1271/task/1271/ns’: Permission denied
find: ‘/proc/1271/fd’: Permission denied
find: ‘/proc/1271/map_files’: Permission denied
find: ‘/proc/1271/fdinfo’: Permission denied
find: ‘/proc/1271/ns’: Permission denied
find: ‘/proc/1328/task/1328/fd’: Permission denied
find: ‘/proc/1328/task/1328/fdinfo’: Permission denied
find: ‘/proc/1328/task/1328/ns’: Permission denied
find: ‘/proc/1328/task/1330/fd’: Permission denied
find: ‘/proc/1328/task/1330/fdinfo’: Permission denied
find: ‘/proc/1328/task/1330/ns’: Permission denied
find: ‘/proc/1328/task/1331/fd’: Permission denied
find: ‘/proc/1328/task/1331/fdinfo’: Permission denied
find: ‘/proc/1328/task/1331/ns’: Permission denied
find: ‘/proc/1328/fd’: Permission denied
find: ‘/proc/1328/map_files’: Permission denied
find: ‘/proc/1328/fdinfo’: Permission denied
find: ‘/proc/1328/ns’: Permission denied
find: ‘/proc/1342/task/1342/fd’: Permission denied
find: ‘/proc/1342/task/1342/fdinfo’: Permission denied
find: ‘/proc/1342/task/1342/ns’: Permission denied
find: ‘/proc/1342/task/1350/fd’: Permission denied
find: ‘/proc/1342/task/1350/fdinfo’: Permission denied
find: ‘/proc/1342/task/1350/ns’: Permission denied
find: ‘/proc/1342/task/1351/fd’: Permission denied
find: ‘/proc/1342/task/1351/fdinfo’: Permission denied
find: ‘/proc/1342/task/1351/ns’: Permission denied
find: ‘/proc/1342/fd’: Permission denied
find: ‘/proc/1342/map_files’: Permission denied
find: ‘/proc/1342/fdinfo’: Permission denied
find: ‘/proc/1342/ns’: Permission denied
find: ‘/proc/1377/task/1377/fd’: Permission denied
find: ‘/proc/1377/task/1377/fdinfo’: Permission denied
find: ‘/proc/1377/task/1377/ns’: Permission denied
find: ‘/proc/1377/task/1379/fd’: Permission denied
find: ‘/proc/1377/task/1379/fdinfo’: Permission denied
find: ‘/proc/1377/task/1379/ns’: Permission denied
find: ‘/proc/1377/task/1381/fd’: Permission denied
find: ‘/proc/1377/task/1381/fdinfo’: Permission denied
find: ‘/proc/1377/task/1381/ns’: Permission denied
find: ‘/proc/1377/fd’: Permission denied
find: ‘/proc/1377/map_files’: Permission denied
find: ‘/proc/1377/fdinfo’: Permission denied
find: ‘/proc/1377/ns’: Permission denied
find: ‘/proc/1395/task/1395/fd’: Permission denied
find: ‘/proc/1395/task/1395/fdinfo’: Permission denied
find: ‘/proc/1395/task/1395/ns’: Permission denied
find: ‘/proc/1395/task/1396/fd’: Permission denied
find: ‘/proc/1395/task/1396/fdinfo’: Permission denied
find: ‘/proc/1395/task/1396/ns’: Permission denied
find: ‘/proc/1395/task/1397/fd’: Permission denied
find: ‘/proc/1395/task/1397/fdinfo’: Permission denied
find: ‘/proc/1395/task/1397/ns’: Permission denied
find: ‘/proc/1395/fd’: Permission denied
find: ‘/proc/1395/map_files’: Permission denied
find: ‘/proc/1395/fdinfo’: Permission denied
find: ‘/proc/1395/ns’: Permission denied
find: ‘/proc/1404/task/1404/fd’: Permission denied
find: ‘/proc/1404/task/1404/fdinfo’: Permission denied
find: ‘/proc/1404/task/1404/ns’: Permission denied
find: ‘/proc/1404/fd’: Permission denied
find: ‘/proc/1404/map_files’: Permission denied
find: ‘/proc/1404/fdinfo’: Permission denied
find: ‘/proc/1404/ns’: Permission denied
find: ‘/proc/1410/task/1410/fd’: Permission denied
find: ‘/proc/1410/task/1410/fdinfo’: Permission denied
find: ‘/proc/1410/task/1410/ns’: Permission denied
find: ‘/proc/1410/task/1411/fd’: Permission denied
find: ‘/proc/1410/task/1411/fdinfo’: Permission denied
find: ‘/proc/1410/task/1411/ns’: Permission denied
find: ‘/proc/1410/task/1546/fd’: Permission denied
find: ‘/proc/1410/task/1546/fdinfo’: Permission denied
find: ‘/proc/1410/task/1546/ns’: Permission denied
find: ‘/proc/1410/task/1562/fd’: Permission denied
find: ‘/proc/1410/task/1562/fdinfo’: Permission denied
find: ‘/proc/1410/task/1562/ns’: Permission denied
find: ‘/proc/1410/fd’: Permission denied
find: ‘/proc/1410/map_files’: Permission denied
find: ‘/proc/1410/fdinfo’: Permission denied
find: ‘/proc/1410/ns’: Permission denied
find: ‘/proc/1635/task/1635/fd’: Permission denied
find: ‘/proc/1635/task/1635/fdinfo’: Permission denied
find: ‘/proc/1635/task/1635/ns’: Permission denied
find: ‘/proc/1635/fd’: Permission denied
find: ‘/proc/1635/map_files’: Permission denied
find: ‘/proc/1635/fdinfo’: Permission denied
find: ‘/proc/1635/ns’: Permission denied
find: ‘/proc/1835/task/1835/fd’: Permission denied
find: ‘/proc/1835/task/1835/fdinfo’: Permission denied
find: ‘/proc/1835/task/1835/ns’: Permission denied
find: ‘/proc/1835/task/1837/fd’: Permission denied
find: ‘/proc/1835/task/1837/fdinfo’: Permission denied
find: ‘/proc/1835/task/1837/ns’: Permission denied
find: ‘/proc/1835/task/1839/fd’: Permission denied
find: ‘/proc/1835/task/1839/fdinfo’: Permission denied
find: ‘/proc/1835/task/1839/ns’: Permission denied
find: ‘/proc/1835/task/1840/fd’: Permission denied
find: ‘/proc/1835/task/1840/fdinfo’: Permission denied
find: ‘/proc/1835/task/1840/ns’: Permission denied
find: ‘/proc/1835/task/1845/fd’: Permission denied
find: ‘/proc/1835/task/1845/fdinfo’: Permission denied
find: ‘/proc/1835/task/1845/ns’: Permission denied
find: ‘/proc/1835/fd’: Permission denied
find: ‘/proc/1835/map_files’: Permission denied
find: ‘/proc/1835/fdinfo’: Permission denied
find: ‘/proc/1835/ns’: Permission denied
find: ‘/proc/1873/task/1873/fd’: Permission denied
find: ‘/proc/1873/task/1873/fdinfo’: Permission denied
find: ‘/proc/1873/task/1873/ns’: Permission denied
find: ‘/proc/1873/task/1886/fd’: Permission denied
find: ‘/proc/1873/task/1886/fdinfo’: Permission denied
find: ‘/proc/1873/task/1886/ns’: Permission denied
find: ‘/proc/1873/task/1913/fd’: Permission denied
find: ‘/proc/1873/task/1913/fdinfo’: Permission denied
find: ‘/proc/1873/task/1913/ns’: Permission denied
find: ‘/proc/1873/task/1914/fd’: Permission denied
find: ‘/proc/1873/task/1914/fdinfo’: Permission denied
find: ‘/proc/1873/task/1914/ns’: Permission denied
find: ‘/proc/1873/task/1915/fd’: Permission denied
find: ‘/proc/1873/task/1915/fdinfo’: Permission denied
find: ‘/proc/1873/task/1915/ns’: Permission denied
find: ‘/proc/1873/task/1916/fd’: Permission denied
find: ‘/proc/1873/task/1916/fdinfo’: Permission denied
find: ‘/proc/1873/task/1916/ns’: Permission denied
find: ‘/proc/1873/task/1917/fd’: Permission denied
find: ‘/proc/1873/task/1917/fdinfo’: Permission denied
find: ‘/proc/1873/task/1917/ns’: Permission denied
find: ‘/proc/1873/fd’: Permission denied
find: ‘/proc/1873/map_files’: Permission denied
find: ‘/proc/1873/fdinfo’: Permission denied
find: ‘/proc/1873/ns’: Permission denied
find: ‘/proc/14059/task/14059/fd’: Permission denied
find: ‘/proc/14059/task/14059/fdinfo’: Permission denied
find: ‘/proc/14059/task/14059/ns’: Permission denied
find: ‘/proc/14059/fd’: Permission denied
find: ‘/proc/14059/map_files’: Permission denied
find: ‘/proc/14059/fdinfo’: Permission denied
find: ‘/proc/14059/ns’: Permission denied
find: ‘/proc/19119/task/19119/fd’: Permission denied
find: ‘/proc/19119/task/19119/fdinfo’: Permission denied
find: ‘/proc/19119/task/19119/ns’: Permission denied
find: ‘/proc/19119/task/19122/fd’: Permission denied
find: ‘/proc/19119/task/19122/fdinfo’: Permission denied
find: ‘/proc/19119/task/19122/ns’: Permission denied
find: ‘/proc/19119/task/19123/fd’: Permission denied
find: ‘/proc/19119/task/19123/fdinfo’: Permission denied
find: ‘/proc/19119/task/19123/ns’: Permission denied
find: ‘/proc/19119/task/19124/fd’: Permission denied
find: ‘/proc/19119/task/19124/fdinfo’: Permission denied
find: ‘/proc/19119/task/19124/ns’: Permission denied
find: ‘/proc/19119/task/19126/fd’: Permission denied
find: ‘/proc/19119/task/19126/fdinfo’: Permission denied
find: ‘/proc/19119/task/19126/ns’: Permission denied
find: ‘/proc/19119/task/19127/fd’: Permission denied
find: ‘/proc/19119/task/19127/fdinfo’: Permission denied
find: ‘/proc/19119/task/19127/ns’: Permission denied
find: ‘/proc/19119/task/19128/fd’: Permission denied
find: ‘/proc/19119/task/19128/fdinfo’: Permission denied
find: ‘/proc/19119/task/19128/ns’: Permission denied
find: ‘/proc/19119/task/19129/fd’: Permission denied
find: ‘/proc/19119/task/19129/fdinfo’: Permission denied
find: ‘/proc/19119/task/19129/ns’: Permission denied
find: ‘/proc/19119/task/19130/fd’: Permission denied
find: ‘/proc/19119/task/19130/fdinfo’: Permission denied
find: ‘/proc/19119/task/19130/ns’: Permission denied
find: ‘/proc/19119/task/19131/fd’: Permission denied
find: ‘/proc/19119/task/19131/fdinfo’: Permission denied
find: ‘/proc/19119/task/19131/ns’: Permission denied
find: ‘/proc/19119/task/19132/fd’: Permission denied
find: ‘/proc/19119/task/19132/fdinfo’: Permission denied
find: ‘/proc/19119/task/19132/ns’: Permission denied
find: ‘/proc/19119/task/19133/fd’: Permission denied
find: ‘/proc/19119/task/19133/fdinfo’: Permission denied
find: ‘/proc/19119/task/19133/ns’: Permission denied
find: ‘/proc/19119/task/19134/fd’: Permission denied
find: ‘/proc/19119/task/19134/fdinfo’: Permission denied
find: ‘/proc/19119/task/19134/ns’: Permission denied
find: ‘/proc/19119/task/19135/fd’: Permission denied
find: ‘/proc/19119/task/19135/fdinfo’: Permission denied
find: ‘/proc/19119/task/19135/ns’: Permission denied
find: ‘/proc/19119/task/19136/fd’: Permission denied
find: ‘/proc/19119/task/19136/fdinfo’: Permission denied
find: ‘/proc/19119/task/19136/ns’: Permission denied
find: ‘/proc/19119/task/19137/fd’: Permission denied
find: ‘/proc/19119/task/19137/fdinfo’: Permission denied
find: ‘/proc/19119/task/19137/ns’: Permission denied
find: ‘/proc/19119/task/19138/fd’: Permission denied
find: ‘/proc/19119/task/19138/fdinfo’: Permission denied
find: ‘/proc/19119/task/19138/ns’: Permission denied
find: ‘/proc/19119/task/19139/fd’: Permission denied
find: ‘/proc/19119/task/19139/fdinfo’: Permission denied
find: ‘/proc/19119/task/19139/ns’: Permission denied
find: ‘/proc/19119/task/19140/fd’: Permission denied
find: ‘/proc/19119/task/19140/fdinfo’: Permission denied
find: ‘/proc/19119/task/19140/ns’: Permission denied
find: ‘/proc/19119/task/19141/fd’: Permission denied
find: ‘/proc/19119/task/19141/fdinfo’: Permission denied
find: ‘/proc/19119/task/19141/ns’: Permission denied
find: ‘/proc/19119/task/19143/fd’: Permission denied
find: ‘/proc/19119/task/19143/fdinfo’: Permission denied
find: ‘/proc/19119/task/19143/ns’: Permission denied
find: ‘/proc/19119/task/19144/fd’: Permission denied
find: ‘/proc/19119/task/19144/fdinfo’: Permission denied
find: ‘/proc/19119/task/19144/ns’: Permission denied
find: ‘/proc/19119/task/19145/fd’: Permission denied
find: ‘/proc/19119/task/19145/fdinfo’: Permission denied
find: ‘/proc/19119/task/19145/ns’: Permission denied
find: ‘/proc/19119/task/19146/fd’: Permission denied
find: ‘/proc/19119/task/19146/fdinfo’: Permission denied
find: ‘/proc/19119/task/19146/ns’: Permission denied
find: ‘/proc/19119/task/19147/fd’: Permission denied
find: ‘/proc/19119/task/19147/fdinfo’: Permission denied
find: ‘/proc/19119/task/19147/ns’: Permission denied
find: ‘/proc/19119/task/19148/fd’: Permission denied
find: ‘/proc/19119/task/19148/fdinfo’: Permission denied
find: ‘/proc/19119/task/19148/ns’: Permission denied
find: ‘/proc/19119/task/19149/fd’: Permission denied
find: ‘/proc/19119/task/19149/fdinfo’: Permission denied
find: ‘/proc/19119/task/19149/ns’: Permission denied
find: ‘/proc/19119/fd’: Permission denied
find: ‘/proc/19119/map_files’: Permission denied
find: ‘/proc/19119/fdinfo’: Permission denied
find: ‘/proc/19119/ns’: Permission denied
find: ‘/proc/19120/task/19120/fd’: Permission denied
find: ‘/proc/19120/task/19120/fdinfo’: Permission denied
find: ‘/proc/19120/task/19120/ns’: Permission denied
find: ‘/proc/19120/task/19150/fd’: Permission denied
find: ‘/proc/19120/task/19150/fdinfo’: Permission denied
find: ‘/proc/19120/task/19150/ns’: Permission denied
find: ‘/proc/19120/task/19151/fd’: Permission denied
find: ‘/proc/19120/task/19151/fdinfo’: Permission denied
find: ‘/proc/19120/task/19151/ns’: Permission denied
find: ‘/proc/19120/task/19152/fd’: Permission denied
find: ‘/proc/19120/task/19152/fdinfo’: Permission denied
find: ‘/proc/19120/task/19152/ns’: Permission denied
find: ‘/proc/19120/task/19153/fd’: Permission denied
find: ‘/proc/19120/task/19153/fdinfo’: Permission denied
find: ‘/proc/19120/task/19153/ns’: Permission denied
find: ‘/proc/19120/task/19154/fd’: Permission denied
find: ‘/proc/19120/task/19154/fdinfo’: Permission denied
find: ‘/proc/19120/task/19154/ns’: Permission denied
find: ‘/proc/19120/task/19155/fd’: Permission denied
find: ‘/proc/19120/task/19155/fdinfo’: Permission denied
find: ‘/proc/19120/task/19155/ns’: Permission denied
find: ‘/proc/19120/task/19156/fd’: Permission denied
find: ‘/proc/19120/task/19156/fdinfo’: Permission denied
find: ‘/proc/19120/task/19156/ns’: Permission denied
find: ‘/proc/19120/task/19157/fd’: Permission denied
find: ‘/proc/19120/task/19157/fdinfo’: Permission denied
find: ‘/proc/19120/task/19157/ns’: Permission denied
find: ‘/proc/19120/task/19158/fd’: Permission denied
find: ‘/proc/19120/task/19158/fdinfo’: Permission denied
find: ‘/proc/19120/task/19158/ns’: Permission denied
find: ‘/proc/19120/task/19159/fd’: Permission denied
find: ‘/proc/19120/task/19159/fdinfo’: Permission denied
find: ‘/proc/19120/task/19159/ns’: Permission denied
find: ‘/proc/19120/task/19160/fd’: Permission denied
find: ‘/proc/19120/task/19160/fdinfo’: Permission denied
find: ‘/proc/19120/task/19160/ns’: Permission denied
find: ‘/proc/19120/task/19161/fd’: Permission denied
find: ‘/proc/19120/task/19161/fdinfo’: Permission denied
find: ‘/proc/19120/task/19161/ns’: Permission denied
find: ‘/proc/19120/task/19162/fd’: Permission denied
find: ‘/proc/19120/task/19162/fdinfo’: Permission denied
find: ‘/proc/19120/task/19162/ns’: Permission denied
find: ‘/proc/19120/task/19163/fd’: Permission denied
find: ‘/proc/19120/task/19163/fdinfo’: Permission denied
find: ‘/proc/19120/task/19163/ns’: Permission denied
find: ‘/proc/19120/task/19164/fd’: Permission denied
find: ‘/proc/19120/task/19164/fdinfo’: Permission denied
find: ‘/proc/19120/task/19164/ns’: Permission denied
find: ‘/proc/19120/task/19165/fd’: Permission denied
find: ‘/proc/19120/task/19165/fdinfo’: Permission denied
find: ‘/proc/19120/task/19165/ns’: Permission denied
find: ‘/proc/19120/task/19166/fd’: Permission denied
find: ‘/proc/19120/task/19166/fdinfo’: Permission denied
find: ‘/proc/19120/task/19166/ns’: Permission denied
find: ‘/proc/19120/task/19167/fd’: Permission denied
find: ‘/proc/19120/task/19167/fdinfo’: Permission denied
find: ‘/proc/19120/task/19167/ns’: Permission denied
find: ‘/proc/19120/task/19168/fd’: Permission denied
find: ‘/proc/19120/task/19168/fdinfo’: Permission denied
find: ‘/proc/19120/task/19168/ns’: Permission denied
find: ‘/proc/19120/task/19169/fd’: Permission denied
find: ‘/proc/19120/task/19169/fdinfo’: Permission denied
find: ‘/proc/19120/task/19169/ns’: Permission denied
find: ‘/proc/19120/task/19170/fd’: Permission denied
find: ‘/proc/19120/task/19170/fdinfo’: Permission denied
find: ‘/proc/19120/task/19170/ns’: Permission denied
find: ‘/proc/19120/task/19171/fd’: Permission denied
find: ‘/proc/19120/task/19171/fdinfo’: Permission denied
find: ‘/proc/19120/task/19171/ns’: Permission denied
find: ‘/proc/19120/task/19172/fd’: Permission denied
find: ‘/proc/19120/task/19172/fdinfo’: Permission denied
find: ‘/proc/19120/task/19172/ns’: Permission denied
find: ‘/proc/19120/task/19173/fd’: Permission denied
find: ‘/proc/19120/task/19173/fdinfo’: Permission denied
find: ‘/proc/19120/task/19173/ns’: Permission denied
find: ‘/proc/19120/task/19174/fd’: Permission denied
find: ‘/proc/19120/task/19174/fdinfo’: Permission denied
find: ‘/proc/19120/task/19174/ns’: Permission denied
find: ‘/proc/19120/task/19175/fd’: Permission denied
find: ‘/proc/19120/task/19175/fdinfo’: Permission denied
find: ‘/proc/19120/task/19175/ns’: Permission denied
find: ‘/proc/19120/fd’: Permission denied
find: ‘/proc/19120/map_files’: Permission denied
find: ‘/proc/19120/fdinfo’: Permission denied
find: ‘/proc/19120/ns’: Permission denied
find: ‘/proc/19177/task/19177/fd’: Permission denied
find: ‘/proc/19177/task/19177/fdinfo’: Permission denied
find: ‘/proc/19177/task/19177/ns’: Permission denied
find: ‘/proc/19177/fd’: Permission denied
find: ‘/proc/19177/map_files’: Permission denied
find: ‘/proc/19177/fdinfo’: Permission denied
find: ‘/proc/19177/ns’: Permission denied
find: ‘/proc/19180/task/19180/fd’: Permission denied
find: ‘/proc/19180/task/19180/fdinfo’: Permission denied
find: ‘/proc/19180/task/19180/ns’: Permission denied
find: ‘/proc/19180/task/19215/fd’: Permission denied
find: ‘/proc/19180/task/19215/fdinfo’: Permission denied
find: ‘/proc/19180/task/19215/ns’: Permission denied
find: ‘/proc/19180/task/19216/fd’: Permission denied
find: ‘/proc/19180/task/19216/fdinfo’: Permission denied
find: ‘/proc/19180/task/19216/ns’: Permission denied
find: ‘/proc/19180/fd’: Permission denied
find: ‘/proc/19180/map_files’: Permission denied
find: ‘/proc/19180/fdinfo’: Permission denied
find: ‘/proc/19180/ns’: Permission denied
find: ‘/proc/19213/task/19213/fd’: Permission denied
find: ‘/proc/19213/task/19213/fdinfo’: Permission denied
find: ‘/proc/19213/task/19213/ns’: Permission denied
find: ‘/proc/19213/fd’: Permission denied
find: ‘/proc/19213/map_files’: Permission denied
find: ‘/proc/19213/fdinfo’: Permission denied
find: ‘/proc/19213/ns’: Permission denied
find: ‘/proc/29350/task/29350/fd’: Permission denied
find: ‘/proc/29350/task/29350/fdinfo’: Permission denied
find: ‘/proc/29350/task/29350/ns’: Permission denied
find: ‘/proc/29350/fd’: Permission denied
find: ‘/proc/29350/map_files’: Permission denied
find: ‘/proc/29350/fdinfo’: Permission denied
find: ‘/proc/29350/ns’: Permission denied
find: ‘/proc/29430/task/29430/fd’: Permission denied
find: ‘/proc/29430/task/29430/fdinfo’: Permission denied
find: ‘/proc/29430/task/29430/ns’: Permission denied
find: ‘/proc/29430/fd’: Permission denied
find: ‘/proc/29430/map_files’: Permission denied
find: ‘/proc/29430/fdinfo’: Permission denied
find: ‘/proc/29430/ns’: Permission denied
find: ‘/proc/29476/task/29476/fd’: Permission denied
find: ‘/proc/29476/task/29476/fdinfo’: Permission denied
find: ‘/proc/29476/task/29476/ns’: Permission denied
find: ‘/proc/29476/fd’: Permission denied
find: ‘/proc/29476/map_files’: Permission denied
find: ‘/proc/29476/fdinfo’: Permission denied
find: ‘/proc/29476/ns’: Permission denied
find: ‘/proc/29637/task/29637/fd’: Permission denied
find: ‘/proc/29637/task/29637/fdinfo’: Permission denied
find: ‘/proc/29637/task/29637/ns’: Permission denied
find: ‘/proc/29637/fd’: Permission denied
find: ‘/proc/29637/map_files’: Permission denied
find: ‘/proc/29637/fdinfo’: Permission denied
find: ‘/proc/29637/ns’: Permission denied
find: ‘/proc/29654/task/29654/fd’: Permission denied
find: ‘/proc/29654/task/29654/fdinfo’: Permission denied
find: ‘/proc/29654/task/29654/ns’: Permission denied
find: ‘/proc/29654/fd’: Permission denied
find: ‘/proc/29654/map_files’: Permission denied
find: ‘/proc/29654/fdinfo’: Permission denied
find: ‘/proc/29654/ns’: Permission denied
find: ‘/proc/29688/task/29688/fd’: Permission denied
find: ‘/proc/29688/task/29688/fdinfo’: Permission denied
find: ‘/proc/29688/task/29688/ns’: Permission denied
find: ‘/proc/29688/fd’: Permission denied
find: ‘/proc/29688/map_files’: Permission denied
find: ‘/proc/29688/fdinfo’: Permission denied
find: ‘/proc/29688/ns’: Permission denied
find: ‘/proc/29824/task/29824/fd’: Permission denied
find: ‘/proc/29824/task/29824/fdinfo’: Permission denied
find: ‘/proc/29824/task/29824/ns’: Permission denied
find: ‘/proc/29824/fd’: Permission denied
find: ‘/proc/29824/map_files’: Permission denied
find: ‘/proc/29824/fdinfo’: Permission denied
find: ‘/proc/29824/ns’: Permission denied
find: ‘/proc/29930/task/29930/fd’: Permission denied
find: ‘/proc/29930/task/29930/fdinfo’: Permission denied
find: ‘/proc/29930/task/29930/ns’: Permission denied
find: ‘/proc/29930/fd’: Permission denied
find: ‘/proc/29930/map_files’: Permission denied
find: ‘/proc/29930/fdinfo’: Permission denied
find: ‘/proc/29930/ns’: Permission denied
find: ‘/proc/29971/task/29971/fd’: Permission denied
find: ‘/proc/29971/task/29971/fdinfo’: Permission denied
find: ‘/proc/29971/task/29971/ns’: Permission denied
find: ‘/proc/29971/fd’: Permission denied
find: ‘/proc/29971/map_files’: Permission denied
find: ‘/proc/29971/fdinfo’: Permission denied
find: ‘/proc/29971/ns’: Permission denied
find: ‘/tmp/systemd-private-96e6fe0c53634a799ae48685261ed3a3-systemd-timesyncd.service-9KCz2f’: Permission denied
find: ‘/tmp/systemd-private-96e6fe0c53634a799ae48685261ed3a3-colord.service-5s6s5X’: Permission denied
find: ‘/tmp/systemd-private-96e6fe0c53634a799ae48685261ed3a3-rtkit-daemon.service-ReXu0y’: Permission denied
find: ‘/var/tmp/systemd-private-077c20547f694bb7bc44d1ff8d35caa1-systemd-timesyncd.service-ix4Ftx’: Permission denied
find: ‘/var/tmp/systemd-private-96e6fe0c53634a799ae48685261ed3a3-rtkit-daemon.service-AUNKnJ’: Permission denied
find: ‘/var/tmp/systemd-private-96e6fe0c53634a799ae48685261ed3a3-systemd-timesyncd.service-qBEINb’: Permission denied
find: ‘/var/tmp/systemd-private-1ec14c5a7dfe43bfb9f9cf8adc534f12-systemd-timesyncd.service-TsnjJk’: Permission denied
find: ‘/var/tmp/systemd-private-1ec14c5a7dfe43bfb9f9cf8adc534f12-rtkit-daemon.service-ws0vXI’: Permission denied
find: ‘/var/tmp/systemd-private-7dc46a2e0ba646098abc53e87a30b62a-systemd-timesyncd.service-O1P4Se’: Permission denied
find: ‘/var/tmp/systemd-private-077c20547f694bb7bc44d1ff8d35caa1-rtkit-daemon.service-lA7L9N’: Permission denied
find: ‘/var/tmp/systemd-private-1ec14c5a7dfe43bfb9f9cf8adc534f12-colord.service-dZyyNl’: Permission denied
find: ‘/var/tmp/systemd-private-7dc46a2e0ba646098abc53e87a30b62a-rtkit-daemon.service-cbqXbq’: Permission denied
find: ‘/var/tmp/systemd-private-3d11de4c2c934c6182e658185b60e595-systemd-timesyncd.service-gbMnTZ’: Permission denied
find: ‘/var/tmp/systemd-private-fce02b09811b48e49992131907aa97b3-systemd-timesyncd.service-xulTo1’: Permission denied
find: ‘/var/tmp/systemd-private-fce02b09811b48e49992131907aa97b3-colord.service-HRU7R6’: Permission denied
find: ‘/var/tmp/systemd-private-077c20547f694bb7bc44d1ff8d35caa1-colord.service-AwRSf4’: Permission denied
find: ‘/var/tmp/systemd-private-96e6fe0c53634a799ae48685261ed3a3-colord.service-q3acNc’: Permission denied
find: ‘/var/tmp/systemd-private-7dc46a2e0ba646098abc53e87a30b62a-colord.service-ug7PyX’: Permission denied
find: ‘/var/tmp/systemd-private-fce02b09811b48e49992131907aa97b3-rtkit-daemon.service-UT9jHt’: Permission denied
find: ‘/var/tmp/systemd-private-d4b38ddb67ed40a99ed0c2e2d95b881b-systemd-timesyncd.service-CYyIQP’: Permission denied
find: ‘/var/cache/lightdm/dmrc’: Permission denied
find: ‘/var/cache/ldconfig’: Permission denied
find: ‘/var/cache/apt/archives/partial’: Permission denied
find: ‘/var/cache/cups’: Permission denied
find: ‘/var/spool/cron/crontabs’: Permission denied
find: ‘/var/spool/cups’: Permission denied
find: ‘/var/spool/rsyslog’: Permission denied
find: ‘/var/lib/lightdm’: Permission denied
find: ‘/var/lib/sudo’: Permission denied
find: ‘/var/lib/udisks2’: Permission denied
find: ‘/var/lib/colord/.cache’: Permission denied
find: ‘/var/lib/supervise/git-daemon’: Permission denied
find: ‘/var/lib/supervise/git-daemon.log’: Permission denied
find: ‘/var/lib/polkit-1’: Permission denied
find: ‘/var/lib/apt/lists/partial’: Permission denied
find: ‘/var/lib/lightdm-data/lightdm’: Permission denied
find: ‘/var/lib/snapd/cookie’: Permission denied
find: ‘/var/log/speech-dispatcher’: Permission denied
find: ‘/media/roro/TOSHIBA EXT’: Permission denied
find: ‘/sys/kernel/debug’: Permission denied
find: ‘/home/roro/.cache/dconf’: Permission denied
find: ‘/run/udisks2’: Permission denied
find: ‘/run/lightdm’: Permission denied
find: ‘/run/cups/certs’: Permission denied
find: ‘/run/sudo’: Permission denied
find: ‘/run/systemd/inaccessible’: Permission denied
find: ‘/etc/ssl/private’: Permission denied
find: ‘/etc/polkit-1/localauthority’: Permission denied
find: ‘/etc/cups/ssl’: Permission denied
